# JRE version: Java(TM) SE Runtime Environment (8.0_73-b02) (build 1.8.0_73-b02)
# Java VM: Java HotSpot(TM) Client VM (25.73-b02 mixed mode, sharing windows-x86 )
Heap:
 def new generation   total 4928K, used 658K [0x04400000, 0x04950000, 0x09950000)
  eden space 4416K,  12% used [0x04400000, 0x0448eb48, 0x04850000)
  from space 512K,  17% used [0x04850000, 0x04865fb8, 0x048d0000)
  to   space 512K,   0% used [0x048d0000, 0x048d0000, 0x04950000)
 tenured generation   total 10944K, used 1656K [0x09950000, 0x0a400000, 0x14400000)
   the space 10944K,  15% used [0x09950000, 0x09aee1e8, 0x09aee200, 0x0a400000)
 Metaspace       used 1155K, capacity 3289K, committed 3392K, reserved 4480K
GC Heap History (10 events):
Event: 34.379 GC heap before
{Heap before GC invocations=31 (full 0):
 def new generation   total 4928K, used 4492K [0x04400000, 0x04950000, 0x09950000)
  eden space 4416K,  99% used [0x04400000, 0x0484f688, 0x04850000)
  from space 512K,  15% used [0x048d0000, 0x048e3cf0, 0x04950000)
  to   space 512K,   0% used [0x04850000, 0x04850000, 0x048d0000)
 tenured generation   total 10944K, used 1651K [0x09950000, 0x0a400000, 0x14400000)
   the space 10944K,  15% used [0x09950000, 0x09aece58, 0x09aed000, 0x0a400000)
 Metaspace       used 1091K, capacity 3225K, committed 3264K, reserved 4480K
Event: 34.380 GC heap after
Heap after GC invocations=32 (full 0):
 def new generation   total 4928K, used 81K [0x04400000, 0x04950000, 0x09950000)
  eden space 4416K,   0% used [0x04400000, 0x04400000, 0x04850000)
  from space 512K,  15% used [0x04850000, 0x04864488, 0x048d0000)
  to   space 512K,   0% used [0x048d0000, 0x048d0000, 0x04950000)
 tenured generation   total 10944K, used 1651K [0x09950000, 0x0a400000, 0x14400000)
   the space 10944K,  15% used [0x09950000, 0x09aecec8, 0x09aed000, 0x0a400000)
 Metaspace       used 1091K, capacity 3225K, committed 3264K, reserved 4480K
}
Event: 35.445 GC heap before
{Heap before GC invocations=32 (full 0):
 def new generation   total 4928K, used 4497K [0x04400000, 0x04950000, 0x09950000)
  eden space 4416K, 100% used [0x04400000, 0x04850000, 0x04850000)
  from space 512K,  15% used [0x04850000, 0x04864488, 0x048d0000)
  to   space 512K,   0% used [0x048d0000, 0x048d0000, 0x04950000)
 tenured generation   total 10944K, used 1651K [0x09950000, 0x0a400000, 0x14400000)
   the space 10944K,  15% used [0x09950000, 0x09aecec8, 0x09aed000, 0x0a400000)
 Metaspace       used 1091K, capacity 3225K, committed 3264K, reserved 4480K
Event: 35.446 GC heap after
Heap after GC invocations=33 (full 0):
 def new generation   total 4928K, used 86K [0x04400000, 0x04950000, 0x09950000)
  eden space 4416K,   0% used [0x04400000, 0x04400000, 0x04850000)
  from space 512K,  16% used [0x048d0000, 0x048e5800, 0x04950000)
  to   space 512K,   0% used [0x04850000, 0x04850000, 0x048d0000)
 tenured generation   total 10944K, used 1651K [0x09950000, 0x0a400000, 0x14400000)
   the space 10944K,  15% used [0x09950000, 0x09aecec8, 0x09aed000, 0x0a400000)
 Metaspace       used 1091K, capacity 3225K, committed 3264K, reserved 4480K
}
Event: 36.497 GC heap before
{Heap before GC invocations=33 (full 0):
 def new generation   total 4928K, used 4502K [0x04400000, 0x04950000, 0x09950000)
  eden space 4416K, 100% used [0x04400000, 0x04850000, 0x04850000)
  from space 512K,  16% used [0x048d0000, 0x048e5800, 0x04950000)
  to   space 512K,   0% used [0x04850000, 0x04850000, 0x048d0000)
 tenured generation   total 10944K, used 1651K [0x09950000, 0x0a400000, 0x14400000)
   the space 10944K,  15% used [0x09950000, 0x09aecec8, 0x09aed000, 0x0a400000)
 Metaspace       used 1091K, capacity 3225K, committed 3264K, reserved 4480K
Event: 36.498 GC heap after
Heap after GC invocations=34 (full 0):
 def new generation   total 4928K, used 88K [0x04400000, 0x04950000, 0x09950000)
  eden space 4416K,   0% used [0x04400000, 0x04400000, 0x04850000)
  from space 512K,  17% used [0x04850000, 0x04866058, 0x048d0000)
  to   space 512K,   0% used [0x048d0000, 0x048d0000, 0x04950000)
 tenured generation   total 10944K, used 1652K [0x09950000, 0x0a400000, 0x14400000)
   the space 10944K,  15% used [0x09950000, 0x09aed348, 0x09aed400, 0x0a400000)
 Metaspace       used 1091K, capacity 3225K, committed 3264K, reserved 4480K
}
Event: 37.562 GC heap before
{Heap before GC invocations=34 (full 0):
 def new generation   total 4928K, used 4501K [0x04400000, 0x04950000, 0x09950000)
  eden space 4416K,  99% used [0x04400000, 0x0484f3a8, 0x04850000)
  from space 512K,  17% used [0x04850000, 0x04866058, 0x048d0000)
  to   space 512K,   0% used [0x048d0000, 0x048d0000, 0x04950000)
 tenured generation   total 10944K, used 1652K [0x09950000, 0x0a400000, 0x14400000)
   the space 10944K,  15% used [0x09950000, 0x09aed348, 0x09aed400, 0x0a400000)
 Metaspace       used 1091K, capacity 3225K, committed 3264K, reserved 4480K
Event: 37.563 GC heap after
Heap after GC invocations=35 (full 0):
 def new generation   total 4928K, used 90K [0x04400000, 0x04950000, 0x09950000)
  eden space 4416K,   0% used [0x04400000, 0x04400000, 0x04850000)
  from space 512K,  17% used [0x048d0000, 0x048e6a58, 0x04950000)
  to   space 512K,   0% used [0x04850000, 0x04850000, 0x048d0000)
 tenured generation   total 10944K, used 1653K [0x09950000, 0x0a400000, 0x14400000)
   the space 10944K,  15% used [0x09950000, 0x09aed588, 0x09aed600, 0x0a400000)
 Metaspace       used 1091K, capacity 3225K, committed 3264K, reserved 4480K
}
Event: 38.628 GC heap before
{Heap before GC invocations=35 (full 0):
 def new generation   total 4928K, used 4506K [0x04400000, 0x04950000, 0x09950000)
  eden space 4416K, 100% used [0x04400000, 0x04850000, 0x04850000)
  from space 512K,  17% used [0x048d0000, 0x048e6a58, 0x04950000)
  to   space 512K,   0% used [0x04850000, 0x04850000, 0x048d0000)
 tenured generation   total 10944K, used 1653K [0x09950000, 0x0a400000, 0x14400000)
   the space 10944K,  15% used [0x09950000, 0x09aed588, 0x09aed600, 0x0a400000)
 Metaspace       used 1091K, capacity 3225K, committed 3264K, reserved 4480K
Event: 38.629 GC heap after
Heap after GC invocations=36 (full 0):
 def new generation   total 4928K, used 87K [0x04400000, 0x04950000, 0x09950000)
  eden space 4416K,   0% used [0x04400000, 0x04400000, 0x04850000)
  from space 512K,  17% used [0x04850000, 0x04865fb8, 0x048d0000)
  to   space 512K,   0% used [0x048d0000, 0x048d0000, 0x04950000)
 tenured generation   total 10944K, used 1656K [0x09950000, 0x0a400000, 0x14400000)
   the space 10944K,  15% used [0x09950000, 0x09aee1e8, 0x09aee200, 0x0a400000)
 Metaspace       used 1091K, capacity 3225K, committed 3264K, reserved 4480K
}

