# JRE version: Java(TM) SE Runtime Environment (8.0_73-b02) (build 1.8.0_73-b02)
# Java VM: Java HotSpot(TM) Client VM (25.73-b02 mixed mode windows-x86 )
Heap:
 def new generation   total 4928K, used 1303K [0x04600000, 0x04b50000, 0x09b50000)
  eden space 4416K,  25% used [0x04600000, 0x0471c5a8, 0x04a50000)
  from space 512K,  32% used [0x04a50000, 0x04a796d8, 0x04ad0000)
  to   space 512K,   0% used [0x04ad0000, 0x04ad0000, 0x04b50000)
 tenured generation   total 10944K, used 1629K [0x09b50000, 0x0a600000, 0x14600000)
   the space 10944K,  14% used [0x09b50000, 0x09ce7550, 0x09ce7600, 0x0a600000)
 Metaspace       used 3394K, capacity 3421K, committed 3520K, reserved 4480K
GC Heap History (10 events):
Event: 35.801 GC heap before
{Heap before GC invocations=13 (full 0):
 def new generation   total 4928K, used 4575K [0x04600000, 0x04b50000, 0x09b50000)
  eden space 4416K, 100% used [0x04600000, 0x04a50000, 0x04a50000)
  from space 512K,  31% used [0x04ad0000, 0x04af7d38, 0x04b50000)
  to   space 512K,   0% used [0x04a50000, 0x04a50000, 0x04ad0000)
 tenured generation   total 10944K, used 1626K [0x09b50000, 0x0a600000, 0x14600000)
   the space 10944K,  14% used [0x09b50000, 0x09ce6910, 0x09ce6a00, 0x0a600000)
 Metaspace       used 3332K, capacity 3357K, committed 3392K, reserved 4480K
Event: 35.802 GC heap after
Heap after GC invocations=14 (full 0):
 def new generation   total 4928K, used 166K [0x04600000, 0x04b50000, 0x09b50000)
  eden space 4416K,   0% used [0x04600000, 0x04600000, 0x04a50000)
  from space 512K,  32% used [0x04a50000, 0x04a798a8, 0x04ad0000)
  to   space 512K,   0% used [0x04ad0000, 0x04ad0000, 0x04b50000)
 tenured generation   total 10944K, used 1626K [0x09b50000, 0x0a600000, 0x14600000)
   the space 10944K,  14% used [0x09b50000, 0x09ce6910, 0x09ce6a00, 0x0a600000)
 Metaspace       used 3332K, capacity 3357K, committed 3392K, reserved 4480K
}
Event: 39.052 GC heap before
{Heap before GC invocations=14 (full 0):
 def new generation   total 4928K, used 4582K [0x04600000, 0x04b50000, 0x09b50000)
  eden space 4416K, 100% used [0x04600000, 0x04a50000, 0x04a50000)
  from space 512K,  32% used [0x04a50000, 0x04a798a8, 0x04ad0000)
  to   space 512K,   0% used [0x04ad0000, 0x04ad0000, 0x04b50000)
 tenured generation   total 10944K, used 1626K [0x09b50000, 0x0a600000, 0x14600000)
   the space 10944K,  14% used [0x09b50000, 0x09ce6910, 0x09ce6a00, 0x0a600000)
 Metaspace       used 3332K, capacity 3357K, committed 3392K, reserved 4480K
Event: 39.053 GC heap after
Heap after GC invocations=15 (full 0):
 def new generation   total 4928K, used 168K [0x04600000, 0x04b50000, 0x09b50000)
  eden space 4416K,   0% used [0x04600000, 0x04600000, 0x04a50000)
  from space 512K,  32% used [0x04ad0000, 0x04afa158, 0x04b50000)
  to   space 512K,   0% used [0x04a50000, 0x04a50000, 0x04ad0000)
 tenured generation   total 10944K, used 1626K [0x09b50000, 0x0a600000, 0x14600000)
   the space 10944K,  14% used [0x09b50000, 0x09ce6910, 0x09ce6a00, 0x0a600000)
 Metaspace       used 3332K, capacity 3357K, committed 3392K, reserved 4480K
}
Event: 42.351 GC heap before
{Heap before GC invocations=15 (full 0):
 def new generation   total 4928K, used 4584K [0x04600000, 0x04b50000, 0x09b50000)
  eden space 4416K, 100% used [0x04600000, 0x04a50000, 0x04a50000)
  from space 512K,  32% used [0x04ad0000, 0x04afa158, 0x04b50000)
  to   space 512K,   0% used [0x04a50000, 0x04a50000, 0x04ad0000)
 tenured generation   total 10944K, used 1626K [0x09b50000, 0x0a600000, 0x14600000)
   the space 10944K,  14% used [0x09b50000, 0x09ce6910, 0x09ce6a00, 0x0a600000)
 Metaspace       used 3332K, capacity 3357K, committed 3392K, reserved 4480K
Event: 42.351 GC heap after
Heap after GC invocations=16 (full 0):
 def new generation   total 4928K, used 168K [0x04600000, 0x04b50000, 0x09b50000)
  eden space 4416K,   0% used [0x04600000, 0x04600000, 0x04a50000)
  from space 512K,  32% used [0x04a50000, 0x04a7a358, 0x04ad0000)
  to   space 512K,   0% used [0x04ad0000, 0x04ad0000, 0x04b50000)
 tenured generation   total 10944K, used 1626K [0x09b50000, 0x0a600000, 0x14600000)
   the space 10944K,  14% used [0x09b50000, 0x09ce6910, 0x09ce6a00, 0x0a600000)
 Metaspace       used 3332K, capacity 3357K, committed 3392K, reserved 4480K
}
Event: 45.701 GC heap before
{Heap before GC invocations=16 (full 0):
 def new generation   total 4928K, used 4584K [0x04600000, 0x04b50000, 0x09b50000)
  eden space 4416K, 100% used [0x04600000, 0x04a50000, 0x04a50000)
  from space 512K,  32% used [0x04a50000, 0x04a7a358, 0x04ad0000)
  to   space 512K,   0% used [0x04ad0000, 0x04ad0000, 0x04b50000)
 tenured generation   total 10944K, used 1626K [0x09b50000, 0x0a600000, 0x14600000)
   the space 10944K,  14% used [0x09b50000, 0x09ce6910, 0x09ce6a00, 0x0a600000)
 Metaspace       used 3332K, capacity 3357K, committed 3392K, reserved 4480K
Event: 45.702 GC heap after
Heap after GC invocations=17 (full 0):
 def new generation   total 4928K, used 169K [0x04600000, 0x04b50000, 0x09b50000)
  eden space 4416K,   0% used [0x04600000, 0x04600000, 0x04a50000)
  from space 512K,  33% used [0x04ad0000, 0x04afa448, 0x04b50000)
  to   space 512K,   0% used [0x04a50000, 0x04a50000, 0x04ad0000)
 tenured generation   total 10944K, used 1626K [0x09b50000, 0x0a600000, 0x14600000)
   the space 10944K,  14% used [0x09b50000, 0x09ce6910, 0x09ce6a00, 0x0a600000)
 Metaspace       used 3332K, capacity 3357K, committed 3392K, reserved 4480K
}
Event: 48.918 GC heap before
{Heap before GC invocations=17 (full 0):
 def new generation   total 4928K, used 4585K [0x04600000, 0x04b50000, 0x09b50000)
  eden space 4416K, 100% used [0x04600000, 0x04a50000, 0x04a50000)
  from space 512K,  33% used [0x04ad0000, 0x04afa448, 0x04b50000)
  to   space 512K,   0% used [0x04a50000, 0x04a50000, 0x04ad0000)
 tenured generation   total 10944K, used 1626K [0x09b50000, 0x0a600000, 0x14600000)
   the space 10944K,  14% used [0x09b50000, 0x09ce6910, 0x09ce6a00, 0x0a600000)
 Metaspace       used 3332K, capacity 3357K, committed 3392K, reserved 4480K
Event: 48.919 GC heap after
Heap after GC invocations=18 (full 0):
 def new generation   total 4928K, used 165K [0x04600000, 0x04b50000, 0x09b50000)
  eden space 4416K,   0% used [0x04600000, 0x04600000, 0x04a50000)
  from space 512K,  32% used [0x04a50000, 0x04a796d8, 0x04ad0000)
  to   space 512K,   0% used [0x04ad0000, 0x04ad0000, 0x04b50000)
 tenured generation   total 10944K, used 1629K [0x09b50000, 0x0a600000, 0x14600000)
   the space 10944K,  14% used [0x09b50000, 0x09ce7550, 0x09ce7600, 0x0a600000)
 Metaspace       used 3332K, capacity 3357K, committed 3392K, reserved 4480K
}

