# JRE version: Java(TM) SE Runtime Environment (8.0_73-b02) (build 1.8.0_73-b02)
# Java VM: Java HotSpot(TM) Client VM (25.73-b02 mixed mode windows-x86 )
Heap:
 def new generation   total 4928K, used 233K [0x04800000, 0x04d50000, 0x09d50000)
  eden space 4416K,   2% used [0x04800000, 0x0481d938, 0x04c50000)
  from space 512K,  22% used [0x04cd0000, 0x04ceccd0, 0x04d50000)
  to   space 512K,   0% used [0x04c50000, 0x04c50000, 0x04cd0000)
 tenured generation   total 10944K, used 1632K [0x09d50000, 0x0a800000, 0x14800000)
   the space 10944K,  14% used [0x09d50000, 0x09ee8230, 0x09ee8400, 0x0a800000)
 Metaspace       used 3395K, capacity 3421K, committed 3520K, reserved 4480K
GC Heap History (10 events):
Event: 37.724 GC heap before
{Heap before GC invocations=14 (full 0):
 def new generation   total 4928K, used 4498K [0x04800000, 0x04d50000, 0x09d50000)
  eden space 4416K, 100% used [0x04800000, 0x04c50000, 0x04c50000)
  from space 512K,  16% used [0x04c50000, 0x04c64b80, 0x04cd0000)
  to   space 512K,   0% used [0x04cd0000, 0x04cd0000, 0x04d50000)
 tenured generation   total 10944K, used 1625K [0x09d50000, 0x0a800000, 0x14800000)
   the space 10944K,  14% used [0x09d50000, 0x09ee67d8, 0x09ee6800, 0x0a800000)
 Metaspace       used 3332K, capacity 3357K, committed 3392K, reserved 4480K
Event: 37.725 GC heap after
Heap after GC invocations=15 (full 0):
 def new generation   total 4928K, used 82K [0x04800000, 0x04d50000, 0x09d50000)
  eden space 4416K,   0% used [0x04800000, 0x04800000, 0x04c50000)
  from space 512K,  16% used [0x04cd0000, 0x04ce4b00, 0x04d50000)
  to   space 512K,   0% used [0x04c50000, 0x04c50000, 0x04cd0000)
 tenured generation   total 10944K, used 1625K [0x09d50000, 0x0a800000, 0x14800000)
   the space 10944K,  14% used [0x09d50000, 0x09ee67d8, 0x09ee6800, 0x0a800000)
 Metaspace       used 3332K, capacity 3357K, committed 3392K, reserved 4480K
}
Event: 39.839 GC heap before
{Heap before GC invocations=15 (full 0):
 def new generation   total 4928K, used 4498K [0x04800000, 0x04d50000, 0x09d50000)
  eden space 4416K, 100% used [0x04800000, 0x04c50000, 0x04c50000)
  from space 512K,  16% used [0x04cd0000, 0x04ce4b00, 0x04d50000)
  to   space 512K,   0% used [0x04c50000, 0x04c50000, 0x04cd0000)
 tenured generation   total 10944K, used 1625K [0x09d50000, 0x0a800000, 0x14800000)
   the space 10944K,  14% used [0x09d50000, 0x09ee67d8, 0x09ee6800, 0x0a800000)
 Metaspace       used 3332K, capacity 3357K, committed 3392K, reserved 4480K
Event: 39.840 GC heap after
Heap after GC invocations=16 (full 0):
 def new generation   total 4928K, used 83K [0x04800000, 0x04d50000, 0x09d50000)
  eden space 4416K,   0% used [0x04800000, 0x04800000, 0x04c50000)
  from space 512K,  16% used [0x04c50000, 0x04c64d18, 0x04cd0000)
  to   space 512K,   0% used [0x04cd0000, 0x04cd0000, 0x04d50000)
 tenured generation   total 10944K, used 1625K [0x09d50000, 0x0a800000, 0x14800000)
   the space 10944K,  14% used [0x09d50000, 0x09ee67d8, 0x09ee6800, 0x0a800000)
 Metaspace       used 3332K, capacity 3357K, committed 3392K, reserved 4480K
}
Event: 41.941 GC heap before
{Heap before GC invocations=16 (full 0):
 def new generation   total 4928K, used 4499K [0x04800000, 0x04d50000, 0x09d50000)
  eden space 4416K, 100% used [0x04800000, 0x04c50000, 0x04c50000)
  from space 512K,  16% used [0x04c50000, 0x04c64d18, 0x04cd0000)
  to   space 512K,   0% used [0x04cd0000, 0x04cd0000, 0x04d50000)
 tenured generation   total 10944K, used 1625K [0x09d50000, 0x0a800000, 0x14800000)
   the space 10944K,  14% used [0x09d50000, 0x09ee67d8, 0x09ee6800, 0x0a800000)
 Metaspace       used 3332K, capacity 3357K, committed 3392K, reserved 4480K
Event: 41.942 GC heap after
Heap after GC invocations=17 (full 0):
 def new generation   total 4928K, used 83K [0x04800000, 0x04d50000, 0x09d50000)
  eden space 4416K,   0% used [0x04800000, 0x04800000, 0x04c50000)
  from space 512K,  16% used [0x04cd0000, 0x04ce4e18, 0x04d50000)
  to   space 512K,   0% used [0x04c50000, 0x04c50000, 0x04cd0000)
 tenured generation   total 10944K, used 1625K [0x09d50000, 0x0a800000, 0x14800000)
   the space 10944K,  14% used [0x09d50000, 0x09ee67d8, 0x09ee6800, 0x0a800000)
 Metaspace       used 3332K, capacity 3357K, committed 3392K, reserved 4480K
}
Event: 44.057 GC heap before
{Heap before GC invocations=17 (full 0):
 def new generation   total 4928K, used 4499K [0x04800000, 0x04d50000, 0x09d50000)
  eden space 4416K, 100% used [0x04800000, 0x04c50000, 0x04c50000)
  from space 512K,  16% used [0x04cd0000, 0x04ce4e18, 0x04d50000)
  to   space 512K,   0% used [0x04c50000, 0x04c50000, 0x04cd0000)
 tenured generation   total 10944K, used 1625K [0x09d50000, 0x0a800000, 0x14800000)
   the space 10944K,  14% used [0x09d50000, 0x09ee67d8, 0x09ee6800, 0x0a800000)
 Metaspace       used 3332K, capacity 3357K, committed 3392K, reserved 4480K
Event: 44.057 GC heap after
Heap after GC invocations=18 (full 0):
 def new generation   total 4928K, used 80K [0x04800000, 0x04d50000, 0x09d50000)
  eden space 4416K,   0% used [0x04800000, 0x04800000, 0x04c50000)
  from space 512K,  15% used [0x04c50000, 0x04c64180, 0x04cd0000)
  to   space 512K,   0% used [0x04cd0000, 0x04cd0000, 0x04d50000)
 tenured generation   total 10944K, used 1629K [0x09d50000, 0x0a800000, 0x14800000)
   the space 10944K,  14% used [0x09d50000, 0x09ee7470, 0x09ee7600, 0x0a800000)
 Metaspace       used 3332K, capacity 3357K, committed 3392K, reserved 4480K
}
Event: 46.168 GC heap before
{Heap before GC invocations=18 (full 0):
 def new generation   total 4928K, used 4496K [0x04800000, 0x04d50000, 0x09d50000)
  eden space 4416K, 100% used [0x04800000, 0x04c50000, 0x04c50000)
  from space 512K,  15% used [0x04c50000, 0x04c64180, 0x04cd0000)
  to   space 512K,   0% used [0x04cd0000, 0x04cd0000, 0x04d50000)
 tenured generation   total 10944K, used 1629K [0x09d50000, 0x0a800000, 0x14800000)
   the space 10944K,  14% used [0x09d50000, 0x09ee7470, 0x09ee7600, 0x0a800000)
 Metaspace       used 3372K, capacity 3389K, committed 3392K, reserved 4480K
Event: 46.170 GC heap after
Heap after GC invocations=19 (full 0):
 def new generation   total 4928K, used 115K [0x04800000, 0x04d50000, 0x09d50000)
  eden space 4416K,   0% used [0x04800000, 0x04800000, 0x04c50000)
  from space 512K,  22% used [0x04cd0000, 0x04ceccd0, 0x04d50000)
  to   space 512K,   0% used [0x04c50000, 0x04c50000, 0x04cd0000)
 tenured generation   total 10944K, used 1632K [0x09d50000, 0x0a800000, 0x14800000)
   the space 10944K,  14% used [0x09d50000, 0x09ee8230, 0x09ee8400, 0x0a800000)
 Metaspace       used 3372K, capacity 3389K, committed 3392K, reserved 4480K
}

